app/build/intermediates/manifest_merge_blame_file/debug/processDebugMainManifest/manifest-merger-blame-debug-report.txt
1<?xml version="1.0" encoding="utf-8"?>
2<manifest xmlns:android="http://schemas.android.com/apk/res/android"
3    package="com.aurora.manager.debug"
4    android:versionCode="1019"
5    android:versionName="1.5-DEBUG" >
6
7    <uses-sdk
8        android:minSdkVersion="26"
9        android:targetSdkVersion="36" />
10
11    <permission
11-->[androidx.core:core:1.12.0] AndroidManifest.xml:22:5-24:47
12        android:name="com.aurora.manager.debug.DYNAMIC_RECEIVER_NOT_EXPORTED_PERMISSION"
12-->[androidx.core:core:1.12.0] AndroidManifest.xml:23:9-81
13        android:protectionLevel="signature" />
13-->[androidx.core:core:1.12.0] AndroidManifest.xml:24:9-44
14
15    <uses-permission android:name="com.aurora.manager.debug.DYNAMIC_RECEIVER_NOT_EXPORTED_PERMISSION" />
15-->[androidx.core:core:1.12.0] AndroidManifest.xml:26:5-97
15-->[androidx.core:core:1.12.0] AndroidManifest.xml:26:22-94
16
17    <application
17-->src/main/AndroidManifest.xml:5:2-31:16
18        android:name="com.aurora.manager.AuroraApplication"
18-->src/main/AndroidManifest.xml:9:3-36
19        android:allowBackup="true"
19-->src/main/AndroidManifest.xml:6:3-29
20        android:appComponentFactory="androidx.core.app.CoreComponentFactory"
20-->[androidx.core:core:1.12.0] AndroidManifest.xml:28:18-86
21        android:debuggable="true"
22        android:extractNativeLibs="false"
23        android:icon="@mipmap/ic_launcher"
23-->src/main/AndroidManifest.xml:7:3-37
24        android:label="@string/app_name"
24-->src/main/AndroidManifest.xml:8:3-35
25        android:requestLegacyExternalStorage="true"
25-->src/main/AndroidManifest.xml:10:3-46
26        android:theme="@style/AppTheme" >
26-->src/main/AndroidManifest.xml:11:3-34
27        <activity
27-->src/main/AndroidManifest.xml:12:3-23:14
28            android:name="com.aurora.manager.MainActivity"
28-->src/main/AndroidManifest.xml:13:4-32
29            android:configChanges="orientation|screenSize|keyboardHidden|smallestScreenSize|screenLayout"
29-->src/main/AndroidManifest.xml:14:4-97
30            android:exported="true"
30-->src/main/AndroidManifest.xml:18:4-27
31            android:hardwareAccelerated="true"
31-->src/main/AndroidManifest.xml:15:4-38
32            android:screenOrientation="portrait"
32-->src/main/AndroidManifest.xml:17:4-40
33            android:supportsPictureInPicture="true" >
33-->src/main/AndroidManifest.xml:16:4-43
34            <intent-filter>
34-->src/main/AndroidManifest.xml:19:4-22:20
35                <action android:name="android.intent.action.MAIN" />
35-->src/main/AndroidManifest.xml:20:5-57
35-->src/main/AndroidManifest.xml:20:13-54
36
37                <category android:name="android.intent.category.LAUNCHER" />
37-->src/main/AndroidManifest.xml:21:5-65
37-->src/main/AndroidManifest.xml:21:15-62
38            </intent-filter>
39        </activity>
40        <activity
40-->src/main/AndroidManifest.xml:24:3-30:48
41            android:name="com.aurora.manager.DebugActivity"
41-->src/main/AndroidManifest.xml:25:4-33
42            android:configChanges="orientation|screenSize|keyboardHidden|smallestScreenSize|screenLayout"
42-->src/main/AndroidManifest.xml:26:4-97
43            android:hardwareAccelerated="true"
43-->src/main/AndroidManifest.xml:27:4-38
44            android:screenOrientation="portrait"
44-->src/main/AndroidManifest.xml:29:4-40
45            android:supportsPictureInPicture="true"
45-->src/main/AndroidManifest.xml:28:4-43
46            android:windowSoftInputMode="stateHidden" />
46-->src/main/AndroidManifest.xml:30:4-45
47
48        <provider
48-->[androidx.emoji2:emoji2:1.2.0] AndroidManifest.xml:24:9-32:20
49            android:name="androidx.startup.InitializationProvider"
49-->[androidx.emoji2:emoji2:1.2.0] AndroidManifest.xml:25:13-67
50            android:authorities="com.aurora.manager.debug.androidx-startup"
50-->[androidx.emoji2:emoji2:1.2.0] AndroidManifest.xml:26:13-68
51            android:exported="false" >
51-->[androidx.emoji2:emoji2:1.2.0] AndroidManifest.xml:27:13-37
52            <meta-data
52-->[androidx.emoji2:emoji2:1.2.0] AndroidManifest.xml:29:13-31:52
53                android:name="androidx.emoji2.text.EmojiCompatInitializer"
53-->[androidx.emoji2:emoji2:1.2.0] AndroidManifest.xml:30:17-75
54                android:value="androidx.startup" />
54-->[androidx.emoji2:emoji2:1.2.0] AndroidManifest.xml:31:17-49
55            <meta-data
55-->[androidx.lifecycle:lifecycle-process:2.7.0] AndroidManifest.xml:29:13-31:52
56                android:name="androidx.lifecycle.ProcessLifecycleInitializer"
56-->[androidx.lifecycle:lifecycle-process:2.7.0] AndroidManifest.xml:30:17-78
57                android:value="androidx.startup" />
57-->[androidx.lifecycle:lifecycle-process:2.7.0] AndroidManifest.xml:31:17-49
58            <meta-data
58-->[androidx.profileinstaller:profileinstaller:1.3.0] AndroidManifest.xml:29:13-31:52
59                android:name="androidx.profileinstaller.ProfileInstallerInitializer"
59-->[androidx.profileinstaller:profileinstaller:1.3.0] AndroidManifest.xml:30:17-85
60                android:value="androidx.startup" />
60-->[androidx.profileinstaller:profileinstaller:1.3.0] AndroidManifest.xml:31:17-49
61        </provider>
62
63        <uses-library
63-->[androidx.window:window:1.0.0] AndroidManifest.xml:25:9-27:40
64            android:name="androidx.window.extensions"
64-->[androidx.window:window:1.0.0] AndroidManifest.xml:26:13-54
65            android:required="false" />
65-->[androidx.window:window:1.0.0] AndroidManifest.xml:27:13-37
66        <uses-library
66-->[androidx.window:window:1.0.0] AndroidManifest.xml:28:9-30:40
67            android:name="androidx.window.sidecar"
67-->[androidx.window:window:1.0.0] AndroidManifest.xml:29:13-51
68            android:required="false" />
68-->[androidx.window:window:1.0.0] AndroidManifest.xml:30:13-37
69
70        <receiver
70-->[androidx.profileinstaller:profileinstaller:1.3.0] AndroidManifest.xml:34:9-52:20
71            android:name="androidx.profileinstaller.ProfileInstallReceiver"
71-->[androidx.profileinstaller:profileinstaller:1.3.0] AndroidManifest.xml:35:13-76
72            android:directBootAware="false"
72-->[androidx.profileinstaller:profileinstaller:1.3.0] AndroidManifest.xml:36:13-44
73            android:enabled="true"
73-->[androidx.profileinstaller:profileinstaller:1.3.0] AndroidManifest.xml:37:13-35
74            android:exported="true"
74-->[androidx.profileinstaller:profileinstaller:1.3.0] AndroidManifest.xml:38:13-36
75            android:permission="android.permission.DUMP" >
75-->[androidx.profileinstaller:profileinstaller:1.3.0] AndroidManifest.xml:39:13-57
76            <intent-filter>
76-->[androidx.profileinstaller:profileinstaller:1.3.0] AndroidManifest.xml:40:13-42:29
77                <action android:name="androidx.profileinstaller.action.INSTALL_PROFILE" />
77-->[androidx.profileinstaller:profileinstaller:1.3.0] AndroidManifest.xml:41:17-91
77-->[androidx.profileinstaller:profileinstaller:1.3.0] AndroidManifest.xml:41:25-88
78            </intent-filter>
79            <intent-filter>
79-->[androidx.profileinstaller:profileinstaller:1.3.0] AndroidManifest.xml:43:13-45:29
80                <action android:name="androidx.profileinstaller.action.SKIP_FILE" />
80-->[androidx.profileinstaller:profileinstaller:1.3.0] AndroidManifest.xml:44:17-85
80-->[androidx.profileinstaller:profileinstaller:1.3.0] AndroidManifest.xml:44:25-82
81            </intent-filter>
82            <intent-filter>
82-->[androidx.profileinstaller:profileinstaller:1.3.0] AndroidManifest.xml:46:13-48:29
83                <action android:name="androidx.profileinstaller.action.SAVE_PROFILE" />
83-->[androidx.profileinstaller:profileinstaller:1.3.0] AndroidManifest.xml:47:17-88
83-->[androidx.profileinstaller:profileinstaller:1.3.0] AndroidManifest.xml:47:25-85
84            </intent-filter>
85            <intent-filter>
85-->[androidx.profileinstaller:profileinstaller:1.3.0] AndroidManifest.xml:49:13-51:29
86                <action android:name="androidx.profileinstaller.action.BENCHMARK_OPERATION" />
86-->[androidx.profileinstaller:profileinstaller:1.3.0] AndroidManifest.xml:50:17-95
86-->[androidx.profileinstaller:profileinstaller:1.3.0] AndroidManifest.xml:50:25-92
87            </intent-filter>
88        </receiver>
89    </application>
90
91</manifest>